<?xml version="1.0" encoding="UTF-8"?>
<Site BuildName="Win32-mingw32-make"
	BuildStamp="20230803-1630-Experimental"
	Name="LAPTOP-SIB8NGEJ"
	Generator="ctest-3.24.0-rc4"
	CompilerName="C:/TDM-GCC-64/bin/g++.exe"
	CompilerVersion="10.3.0"
	OSName="Windows"
	Hostname="LAPTOP-SIB8NGEJ"
	OSRelease=" Personal"
	OSVersion=" (Build 19045)"
	OSPlatform="AMD64"
	Is64Bits="1"
	VendorString="AuthenticAMD"
	VendorID="Advanced Micro Devices"
	FamilyID="15"
	ModelID="0"
	ProcessorCacheSize="64"
	NumberOfLogicalCPU="16"
	NumberOfPhysicalCPU="8"
	TotalVirtualMemory="29039"
	TotalPhysicalMemory="14188"
	LogicalProcessorsPerPhysical="2"
	ProcessorClockFrequency="3193"
	>
	<Testing>
		<StartDateTime>Aug 03 11:30 Hora est. Pac[NON-UTF-8-BYTE-0xED]fico, Sudam[NON-UTF-8-BYTE-0xE9]rica</StartDateTime>
		<StartTestTime>1691080202</StartTestTime>
		<TestList/>
		<EndDateTime>Aug 03 11:30 Hora est. Pac[NON-UTF-8-BYTE-0xED]fico, Sudam[NON-UTF-8-BYTE-0xE9]rica</EndDateTime>
		<EndTestTime>1691080202</EndTestTime>
		<ElapsedMinutes>0</ElapsedMinutes>
	</Testing>
</Site>
